<?xml version="1.0" encoding="UTF-8"?>
<!-- Generated by org.testng.reporters.JUnitReportReporter -->
<testsuite hostname="samsung-PC" name="com.FCI.SWE.Services.MessageNotificationTest" tests="1" failures="0" timestamp="11 May 2015 10:19:45 GMT" time="7.134" errors="0">
  <testcase name="excutemessageNotification" time="7.134" classname="com.FCI.SWE.Services.MessageNotificationTest"/>
</testsuite> <!-- com.FCI.SWE.Services.MessageNotificationTest -->
